[2022-10-13T22:22:36.133] [DEBUG] cheese - login => username:admin,password:123456
[2022-10-13T22:22:36.136] [DEBUG] cheese - admin
[2022-10-13T22:22:36.157] [DEBUG] cheese - null
[2022-10-13T22:22:36.157] [DEBUG] cheese - null
[2022-10-13T22:22:48.541] [DEBUG] cheese - login => username:admi,password:123456
[2022-10-13T22:22:48.541] [DEBUG] cheese - admi
[2022-10-13T22:22:48.544] [DEBUG] cheese - null
[2022-10-13T22:22:48.544] [DEBUG] cheese - null
[2022-10-13T22:22:53.717] [DEBUG] cheese - login => username:admin,password:123456
[2022-10-13T22:22:53.717] [DEBUG] cheese - admin
[2022-10-13T22:22:53.720] [DEBUG] cheese - null
[2022-10-13T22:22:53.720] [DEBUG] cheese - null
[2022-10-17T10:58:18.341] [DEBUG] cheese - login => username:admin,password:123456
[2022-10-17T10:58:18.348] [DEBUG] cheese - admin
[2022-10-17T10:58:18.361] [DEBUG] cheese - null
[2022-10-17T10:58:18.362] [DEBUG] cheese - null
[2022-10-17T14:26:12.407] [DEBUG] cheese - login => username:admin,password:123456
[2022-10-17T14:26:12.407] [DEBUG] cheese - admin
[2022-10-17T14:26:12.411] [DEBUG] cheese - null
[2022-10-17T14:26:12.411] [DEBUG] cheese - null
[2022-10-17T14:27:07.734] [DEBUG] cheese - login => username:admin,password:123456
[2022-10-17T14:27:07.735] [DEBUG] cheese - admin
[2022-10-17T14:27:07.737] [DEBUG] cheese - null
[2022-10-17T14:27:07.737] [DEBUG] cheese - null
[2022-10-17T15:28:25.436] [DEBUG] cheese - login => username:admin,password:123456
[2022-10-17T15:28:25.438] [DEBUG] cheese - admin
[2022-10-17T15:28:25.441] [DEBUG] cheese - null
[2022-10-17T15:28:25.441] [DEBUG] cheese - null
[2022-10-17T15:28:31.104] [DEBUG] cheese - login => username:admin,password:123456
[2022-10-17T15:28:31.104] [DEBUG] cheese - admin
[2022-10-17T15:28:31.106] [DEBUG] cheese - null
[2022-10-17T15:28:31.106] [DEBUG] cheese - null
[2022-10-17T15:28:34.921] [DEBUG] cheese - login => username:admin,password:123456
[2022-10-17T15:28:34.921] [DEBUG] cheese - admin
[2022-10-17T15:28:34.924] [DEBUG] cheese - null
[2022-10-17T15:28:34.924] [DEBUG] cheese - null
[2022-10-17T15:33:08.926] [DEBUG] cheese - login => username:admin,password:123456
[2022-10-17T15:33:08.926] [DEBUG] cheese - admin
[2022-10-17T15:33:08.929] [DEBUG] cheese - null
[2022-10-17T15:33:08.929] [DEBUG] cheese - null
[2022-10-17T15:33:30.592] [DEBUG] cheese - login => username:admin,password:123456
[2022-10-17T15:33:30.592] [DEBUG] cheese - admin
[2022-10-17T15:33:30.594] [DEBUG] cheese - null
[2022-10-17T15:33:30.594] [DEBUG] cheese - null
[2022-10-17T17:37:45.182] [DEBUG] cheese - login => username:admin,password:123456
[2022-10-17T17:37:45.183] [DEBUG] cheese - admin
[2022-10-17T17:37:45.186] [DEBUG] cheese - null
[2022-10-17T17:37:45.186] [DEBUG] cheese - null
